# JRE version: OpenJDK Runtime Environment Temurin-21.0.10+7 (21.0.10+7) (build 21.0.10+7-LTS)
# Java VM: OpenJDK 64-Bit Server VM Temurin-21.0.10+7 (21.0.10+7-LTS, mixed mode, sharing, tiered, compressed oops, compressed class ptrs, parallel gc, windows-amd64)
GC Precious Log:
 CardTable entry size: 512
 CPUs: 8 total, 8 available
 Memory: 7930M
 Large Page Support: Disabled
 NUMA Support: Disabled
 Compressed Oops: Enabled (32-bit)
 Alignments: Space 512K, Generation 512K, Heap 2M
 Heap Min Capacity: 100M
 Heap Initial Capacity: 100M
 Heap Max Capacity: 2G
 Pre-touch: Disabled
 Parallel Workers: 8
Heap:
 PSYoungGen      total 3072K, used 1999K [0x00000000d5580000, 0x00000000d5a80000, 0x0000000100000000)
  eden space 2560K, 69% used [0x00000000d5580000,0x00000000d573bfb0,0x00000000d5800000)
  from space 512K, 43% used [0x00000000d5980000,0x00000000d59b8000,0x00000000d5a00000)
  to   space 512K, 0% used [0x00000000d5a00000,0x00000000d5a00000,0x00000000d5a80000)
 ParOldGen       total 473600K, used 473191K [0x0000000080000000, 0x000000009ce80000, 0x00000000d5580000)
  object space 473600K, 99% used [0x0000000080000000,0x000000009ce19d38,0x000000009ce80000)
 Metaspace       used 90031K, committed 91712K, reserved 1179648K
  class space    used 8546K, committed 9280K, reserved 1048576K
GC Heap History (20 events):
Event: 91.641 GC heap before
{Heap before GC invocations=1036 (full 4):
 PSYoungGen      total 3584K, used 2626K [0x00000000d5580000, 0x00000000d5a80000, 0x0000000100000000)
  eden space 2560K, 93% used [0x00000000d5580000,0x00000000d57d8bc0,0x00000000d5800000)
  from space 1024K, 21% used [0x00000000d5880000,0x00000000d58b8000,0x00000000d5980000)
  to   space 512K, 0% used [0x00000000d5a00000,0x00000000d5a00000,0x00000000d5a80000)
 ParOldGen       total 472064K, used 471846K [0x0000000080000000, 0x000000009cd00000, 0x00000000d5580000)
  object space 472064K, 99% used [0x0000000080000000,0x000000009ccc99e8,0x000000009cd00000)
 Metaspace       used 89092K, committed 90816K, reserved 1179648K
  class space    used 8458K, committed 9216K, reserved 1048576K
}
Event: 91.642 GC heap after
{Heap after GC invocations=1036 (full 4):
 PSYoungGen      total 3072K, used 256K [0x00000000d5580000, 0x00000000d5a80000, 0x0000000100000000)
  eden space 2560K, 0% used [0x00000000d5580000,0x00000000d5580000,0x00000000d5800000)
  from space 512K, 50% used [0x00000000d5a00000,0x00000000d5a40000,0x00000000d5a80000)
  to   space 512K, 0% used [0x00000000d5980000,0x00000000d5980000,0x00000000d5a00000)
 ParOldGen       total 472064K, used 471910K [0x0000000080000000, 0x000000009cd00000, 0x00000000d5580000)
  object space 472064K, 99% used [0x0000000080000000,0x000000009ccd99e8,0x000000009cd00000)
 Metaspace       used 89092K, committed 90816K, reserved 1179648K
  class space    used 8458K, committed 9216K, reserved 1048576K
}
Event: 91.663 GC heap before
{Heap before GC invocations=1037 (full 4):
 PSYoungGen      total 3072K, used 2816K [0x00000000d5580000, 0x00000000d5a80000, 0x0000000100000000)
  eden space 2560K, 100% used [0x00000000d5580000,0x00000000d5800000,0x00000000d5800000)
  from space 512K, 50% used [0x00000000d5a00000,0x00000000d5a40000,0x00000000d5a80000)
  to   space 512K, 0% used [0x00000000d5980000,0x00000000d5980000,0x00000000d5a00000)
 ParOldGen       total 472064K, used 471910K [0x0000000080000000, 0x000000009cd00000, 0x00000000d5580000)
  object space 472064K, 99% used [0x0000000080000000,0x000000009ccd99e8,0x000000009cd00000)
 Metaspace       used 89103K, committed 90816K, reserved 1179648K
  class space    used 8458K, committed 9216K, reserved 1048576K
}
Event: 91.664 GC heap after
{Heap after GC invocations=1037 (full 4):
 PSYoungGen      total 3072K, used 192K [0x00000000d5580000, 0x00000000d5a80000, 0x0000000100000000)
  eden space 2560K, 0% used [0x00000000d5580000,0x00000000d5580000,0x00000000d5800000)
  from space 512K, 37% used [0x00000000d5980000,0x00000000d59b0000,0x00000000d5a00000)
  to   space 512K, 0% used [0x00000000d5a00000,0x00000000d5a00000,0x00000000d5a80000)
 ParOldGen       total 472064K, used 471958K [0x0000000080000000, 0x000000009cd00000, 0x00000000d5580000)
  object space 472064K, 99% used [0x0000000080000000,0x000000009cce59e8,0x000000009cd00000)
 Metaspace       used 89103K, committed 90816K, reserved 1179648K
  class space    used 8458K, committed 9216K, reserved 1048576K
}
Event: 91.772 GC heap before
{Heap before GC invocations=1038 (full 4):
 PSYoungGen      total 3072K, used 2742K [0x00000000d5580000, 0x00000000d5a80000, 0x0000000100000000)
  eden space 2560K, 99% used [0x00000000d5580000,0x00000000d57fdaf8,0x00000000d5800000)
  from space 512K, 37% used [0x00000000d5980000,0x00000000d59b0000,0x00000000d5a00000)
  to   space 512K, 0% used [0x00000000d5a00000,0x00000000d5a00000,0x00000000d5a80000)
 ParOldGen       total 472064K, used 471958K [0x0000000080000000, 0x000000009cd00000, 0x00000000d5580000)
  object space 472064K, 99% used [0x0000000080000000,0x000000009cce59e8,0x000000009cd00000)
 Metaspace       used 89251K, committed 90944K, reserved 1179648K
  class space    used 8476K, committed 9216K, reserved 1048576K
}
Event: 91.775 GC heap after
{Heap after GC invocations=1038 (full 4):
 PSYoungGen      total 3072K, used 312K [0x00000000d5580000, 0x00000000d5a80000, 0x0000000100000000)
  eden space 2560K, 0% used [0x00000000d5580000,0x00000000d5580000,0x00000000d5800000)
  from space 512K, 61% used [0x00000000d5a00000,0x00000000d5a4e1f0,0x00000000d5a80000)
  to   space 512K, 0% used [0x00000000d5980000,0x00000000d5980000,0x00000000d5a00000)
 ParOldGen       total 472064K, used 472014K [0x0000000080000000, 0x000000009cd00000, 0x00000000d5580000)
  object space 472064K, 99% used [0x0000000080000000,0x000000009ccf39e8,0x000000009cd00000)
 Metaspace       used 89251K, committed 90944K, reserved 1179648K
  class space    used 8476K, committed 9216K, reserved 1048576K
}
Event: 91.934 GC heap before
{Heap before GC invocations=1039 (full 4):
 PSYoungGen      total 3072K, used 2872K [0x00000000d5580000, 0x00000000d5a80000, 0x0000000100000000)
  eden space 2560K, 100% used [0x00000000d5580000,0x00000000d5800000,0x00000000d5800000)
  from space 512K, 61% used [0x00000000d5a00000,0x00000000d5a4e1f0,0x00000000d5a80000)
  to   space 512K, 0% used [0x00000000d5980000,0x00000000d5980000,0x00000000d5a00000)
 ParOldGen       total 472064K, used 472014K [0x0000000080000000, 0x000000009cd00000, 0x00000000d5580000)
  object space 472064K, 99% used [0x0000000080000000,0x000000009ccf39e8,0x000000009cd00000)
 Metaspace       used 89458K, committed 91136K, reserved 1179648K
  class space    used 8503K, committed 9216K, reserved 1048576K
}
Event: 91.937 GC heap after
{Heap after GC invocations=1039 (full 4):
 PSYoungGen      total 3072K, used 313K [0x00000000d5580000, 0x00000000d5a80000, 0x0000000100000000)
  eden space 2560K, 0% used [0x00000000d5580000,0x00000000d5580000,0x00000000d5800000)
  from space 512K, 61% used [0x00000000d5980000,0x00000000d59ce6e0,0x00000000d5a00000)
  to   space 512K, 0% used [0x00000000d5a00000,0x00000000d5a00000,0x00000000d5a80000)
 ParOldGen       total 472576K, used 472190K [0x0000000080000000, 0x000000009cd80000, 0x00000000d5580000)
  object space 472576K, 99% used [0x0000000080000000,0x000000009cd1fbd8,0x000000009cd80000)
 Metaspace       used 89458K, committed 91136K, reserved 1179648K
  class space    used 8503K, committed 9216K, reserved 1048576K
}
Event: 91.964 GC heap before
{Heap before GC invocations=1040 (full 4):
 PSYoungGen      total 3072K, used 2873K [0x00000000d5580000, 0x00000000d5a80000, 0x0000000100000000)
  eden space 2560K, 100% used [0x00000000d5580000,0x00000000d5800000,0x00000000d5800000)
  from space 512K, 61% used [0x00000000d5980000,0x00000000d59ce6e0,0x00000000d5a00000)
  to   space 512K, 0% used [0x00000000d5a00000,0x00000000d5a00000,0x00000000d5a80000)
 ParOldGen       total 472576K, used 472190K [0x0000000080000000, 0x000000009cd80000, 0x00000000d5580000)
  object space 472576K, 99% used [0x0000000080000000,0x000000009cd1fbd8,0x000000009cd80000)
 Metaspace       used 89474K, committed 91136K, reserved 1179648K
  class space    used 8503K, committed 9216K, reserved 1048576K
}
Event: 91.967 GC heap after
{Heap after GC invocations=1040 (full 4):
 PSYoungGen      total 3072K, used 240K [0x00000000d5580000, 0x00000000d5a80000, 0x0000000100000000)
  eden space 2560K, 0% used [0x00000000d5580000,0x00000000d5580000,0x00000000d5800000)
  from space 512K, 46% used [0x00000000d5a00000,0x00000000d5a3c010,0x00000000d5a80000)
  to   space 512K, 0% used [0x00000000d5980000,0x00000000d5980000,0x00000000d5a00000)
 ParOldGen       total 472576K, used 472413K [0x0000000080000000, 0x000000009cd80000, 0x00000000d5580000)
  object space 472576K, 99% used [0x0000000080000000,0x000000009cd57548,0x000000009cd80000)
 Metaspace       used 89474K, committed 91136K, reserved 1179648K
  class space    used 8503K, committed 9216K, reserved 1048576K
}
Event: 92.362 GC heap before
{Heap before GC invocations=1041 (full 4):
 PSYoungGen      total 3072K, used 2800K [0x00000000d5580000, 0x00000000d5a80000, 0x0000000100000000)
  eden space 2560K, 100% used [0x00000000d5580000,0x00000000d5800000,0x00000000d5800000)
  from space 512K, 46% used [0x00000000d5a00000,0x00000000d5a3c010,0x00000000d5a80000)
  to   space 512K, 0% used [0x00000000d5980000,0x00000000d5980000,0x00000000d5a00000)
 ParOldGen       total 472576K, used 472413K [0x0000000080000000, 0x000000009cd80000, 0x00000000d5580000)
  object space 472576K, 99% used [0x0000000080000000,0x000000009cd57548,0x000000009cd80000)
 Metaspace       used 89499K, committed 91136K, reserved 1179648K
  class space    used 8503K, committed 9216K, reserved 1048576K
}
Event: 92.364 GC heap after
{Heap after GC invocations=1041 (full 4):
 PSYoungGen      total 3072K, used 416K [0x00000000d5580000, 0x00000000d5a80000, 0x0000000100000000)
  eden space 2560K, 0% used [0x00000000d5580000,0x00000000d5580000,0x00000000d5800000)
  from space 512K, 81% used [0x00000000d5980000,0x00000000d59e81a8,0x00000000d5a00000)
  to   space 512K, 0% used [0x00000000d5a00000,0x00000000d5a00000,0x00000000d5a80000)
 ParOldGen       total 472576K, used 472573K [0x0000000080000000, 0x000000009cd80000, 0x00000000d5580000)
  object space 472576K, 99% used [0x0000000080000000,0x000000009cd7f568,0x000000009cd80000)
 Metaspace       used 89499K, committed 91136K, reserved 1179648K
  class space    used 8503K, committed 9216K, reserved 1048576K
}
Event: 92.472 GC heap before
{Heap before GC invocations=1042 (full 4):
 PSYoungGen      total 3072K, used 2976K [0x00000000d5580000, 0x00000000d5a80000, 0x0000000100000000)
  eden space 2560K, 100% used [0x00000000d5580000,0x00000000d5800000,0x00000000d5800000)
  from space 512K, 81% used [0x00000000d5980000,0x00000000d59e81a8,0x00000000d5a00000)
  to   space 512K, 0% used [0x00000000d5a00000,0x00000000d5a00000,0x00000000d5a80000)
 ParOldGen       total 472576K, used 472573K [0x0000000080000000, 0x000000009cd80000, 0x00000000d5580000)
  object space 472576K, 99% used [0x0000000080000000,0x000000009cd7f568,0x000000009cd80000)
 Metaspace       used 89555K, committed 91264K, reserved 1179648K
  class space    used 8506K, committed 9280K, reserved 1048576K
}
Event: 92.476 GC heap after
{Heap after GC invocations=1042 (full 4):
 PSYoungGen      total 3072K, used 319K [0x00000000d5580000, 0x00000000d5a80000, 0x0000000100000000)
  eden space 2560K, 0% used [0x00000000d5580000,0x00000000d5580000,0x00000000d5800000)
  from space 512K, 62% used [0x00000000d5a00000,0x00000000d5a4fde0,0x00000000d5a80000)
  to   space 512K, 0% used [0x00000000d5980000,0x00000000d5980000,0x00000000d5a00000)
 ParOldGen       total 473088K, used 472881K [0x0000000080000000, 0x000000009ce00000, 0x00000000d5580000)
  object space 473088K, 99% used [0x0000000080000000,0x000000009cdcc588,0x000000009ce00000)
 Metaspace       used 89555K, committed 91264K, reserved 1179648K
  class space    used 8506K, committed 9280K, reserved 1048576K
}
Event: 96.487 GC heap before
{Heap before GC invocations=1043 (full 4):
 PSYoungGen      total 3072K, used 2874K [0x00000000d5580000, 0x00000000d5a80000, 0x0000000100000000)
  eden space 2560K, 99% used [0x00000000d5580000,0x00000000d57feb28,0x00000000d5800000)
  from space 512K, 62% used [0x00000000d5a00000,0x00000000d5a4fde0,0x00000000d5a80000)
  to   space 512K, 0% used [0x00000000d5980000,0x00000000d5980000,0x00000000d5a00000)
 ParOldGen       total 473088K, used 472881K [0x0000000080000000, 0x000000009ce00000, 0x00000000d5580000)
  object space 473088K, 99% used [0x0000000080000000,0x000000009cdcc588,0x000000009ce00000)
 Metaspace       used 89590K, committed 91328K, reserved 1179648K
  class space    used 8509K, committed 9280K, reserved 1048576K
}
Event: 96.491 GC heap after
{Heap after GC invocations=1043 (full 4):
 PSYoungGen      total 3072K, used 368K [0x00000000d5580000, 0x00000000d5a80000, 0x0000000100000000)
  eden space 2560K, 0% used [0x00000000d5580000,0x00000000d5580000,0x00000000d5800000)
  from space 512K, 71% used [0x00000000d5980000,0x00000000d59dc010,0x00000000d5a00000)
  to   space 512K, 0% used [0x00000000d5a00000,0x00000000d5a00000,0x00000000d5a80000)
 ParOldGen       total 473088K, used 473075K [0x0000000080000000, 0x000000009ce00000, 0x00000000d5580000)
  object space 473088K, 99% used [0x0000000080000000,0x000000009cdfceb0,0x000000009ce00000)
 Metaspace       used 89590K, committed 91328K, reserved 1179648K
  class space    used 8509K, committed 9280K, reserved 1048576K
}
Event: 107.402 GC heap before
{Heap before GC invocations=1044 (full 4):
 PSYoungGen      total 3072K, used 2926K [0x00000000d5580000, 0x00000000d5a80000, 0x0000000100000000)
  eden space 2560K, 99% used [0x00000000d5580000,0x00000000d57ffb78,0x00000000d5800000)
  from space 512K, 71% used [0x00000000d5980000,0x00000000d59dc010,0x00000000d5a00000)
  to   space 512K, 0% used [0x00000000d5a00000,0x00000000d5a00000,0x00000000d5a80000)
 ParOldGen       total 473088K, used 473075K [0x0000000080000000, 0x000000009ce00000, 0x00000000d5580000)
  object space 473088K, 99% used [0x0000000080000000,0x000000009cdfceb0,0x000000009ce00000)
 Metaspace       used 89613K, committed 91328K, reserved 1179648K
  class space    used 8514K, committed 9280K, reserved 1048576K
}
Event: 107.405 GC heap after
{Heap after GC invocations=1044 (full 4):
 PSYoungGen      total 3072K, used 224K [0x00000000d5580000, 0x00000000d5a80000, 0x0000000100000000)
  eden space 2560K, 0% used [0x00000000d5580000,0x00000000d5580000,0x00000000d5800000)
  from space 512K, 43% used [0x00000000d5a00000,0x00000000d5a38000,0x00000000d5a80000)
  to   space 512K, 0% used [0x00000000d5980000,0x00000000d5980000,0x00000000d5a00000)
 ParOldGen       total 473600K, used 473151K [0x0000000080000000, 0x000000009ce80000, 0x00000000d5580000)
  object space 473600K, 99% used [0x0000000080000000,0x000000009ce0fd38,0x000000009ce80000)
 Metaspace       used 89613K, committed 91328K, reserved 1179648K
  class space    used 8514K, committed 9280K, reserved 1048576K
}
Event: 332.159 GC heap before
{Heap before GC invocations=1045 (full 4):
 PSYoungGen      total 3072K, used 2783K [0x00000000d5580000, 0x00000000d5a80000, 0x0000000100000000)
  eden space 2560K, 99% used [0x00000000d5580000,0x00000000d57ffff8,0x00000000d5800000)
  from space 512K, 43% used [0x00000000d5a00000,0x00000000d5a38000,0x00000000d5a80000)
  to   space 512K, 0% used [0x00000000d5980000,0x00000000d5980000,0x00000000d5a00000)
 ParOldGen       total 473600K, used 473151K [0x0000000080000000, 0x000000009ce80000, 0x00000000d5580000)
  object space 473600K, 99% used [0x0000000080000000,0x000000009ce0fd38,0x000000009ce80000)
 Metaspace       used 89877K, committed 91584K, reserved 1179648K
  class space    used 8538K, committed 9280K, reserved 1048576K
}
Event: 332.181 GC heap after
{Heap after GC invocations=1045 (full 4):
 PSYoungGen      total 3072K, used 224K [0x00000000d5580000, 0x00000000d5a80000, 0x0000000100000000)
  eden space 2560K, 0% used [0x00000000d5580000,0x00000000d5580000,0x00000000d5800000)
  from space 512K, 43% used [0x00000000d5980000,0x00000000d59b8000,0x00000000d5a00000)
  to   space 512K, 0% used [0x00000000d5a00000,0x00000000d5a00000,0x00000000d5a80000)
 ParOldGen       total 473600K, used 473191K [0x0000000080000000, 0x000000009ce80000, 0x00000000d5580000)
  object space 473600K, 99% used [0x0000000080000000,0x000000009ce19d38,0x000000009ce80000)
 Metaspace       used 89877K, committed 91584K, reserved 1179648K
  class space    used 8538K, committed 9280K, reserved 1048576K
}

