# JRE version: OpenJDK Runtime Environment Temurin-21.0.9+10 (21.0.9+10) (build 21.0.9+10-LTS)
# Java VM: OpenJDK 64-Bit Server VM Temurin-21.0.9+10 (21.0.9+10-LTS, mixed mode, sharing, tiered, compressed oops, compressed class ptrs, parallel gc, windows-amd64)
GC Precious Log:
 CardTable entry size: 512
 CPUs: 8 total, 8 available
 Memory: 7930M
 Large Page Support: Disabled
 NUMA Support: Disabled
 Compressed Oops: Enabled (32-bit)
 Alignments: Space 512K, Generation 512K, Heap 2M
 Heap Min Capacity: 100M
 Heap Initial Capacity: 100M
 Heap Max Capacity: 2G
 Pre-touch: Disabled
 Parallel Workers: 8
Heap:
 PSYoungGen      total 5632K, used 5173K [0x00000000d5580000, 0x00000000d5c00000, 0x0000000100000000)
  eden space 4608K, 100% used [0x00000000d5580000,0x00000000d5a00000,0x00000000d5a00000)
  from space 1024K, 55% used [0x00000000d5a00000,0x00000000d5a8d440,0x00000000d5b00000)
  to   space 1024K, 0% used [0x00000000d5b00000,0x00000000d5b00000,0x00000000d5c00000)
 ParOldGen       total 352256K, used 351984K [0x0000000080000000, 0x0000000095800000, 0x00000000d5580000)
  object space 352256K, 99% used [0x0000000080000000,0x00000000957bc250,0x0000000095800000)
 Metaspace       used 104098K, committed 106048K, reserved 1179648K
  class space    used 9952K, committed 10880K, reserved 1048576K
GC Heap History (20 events):
Event: 826.637 GC heap before
{Heap before GC invocations=854 (full 5):
 PSYoungGen      total 3584K, used 2976K [0x00000000d5580000, 0x00000000d5b80000, 0x0000000100000000)
  eden space 2560K, 100% used [0x00000000d5580000,0x00000000d5800000,0x00000000d5800000)
  from space 1024K, 40% used [0x00000000d5980000,0x00000000d59e8000,0x00000000d5a80000)
  to   space 512K, 0% used [0x00000000d5b00000,0x00000000d5b00000,0x00000000d5b80000)
 ParOldGen       total 327168K, used 285782K [0x0000000080000000, 0x0000000093f80000, 0x00000000d5580000)
  object space 327168K, 87% used [0x0000000080000000,0x0000000091715880,0x0000000093f80000)
 Metaspace       used 103350K, committed 105280K, reserved 1179648K
  class space    used 9882K, committed 10816K, reserved 1048576K
}
Event: 826.640 GC heap after
{Heap after GC invocations=854 (full 5):
 PSYoungGen      total 3584K, used 400K [0x00000000d5580000, 0x00000000d5b80000, 0x0000000100000000)
  eden space 3072K, 0% used [0x00000000d5580000,0x00000000d5580000,0x00000000d5880000)
  from space 512K, 78% used [0x00000000d5b00000,0x00000000d5b64010,0x00000000d5b80000)
  to   space 512K, 0% used [0x00000000d5a80000,0x00000000d5a80000,0x00000000d5b00000)
 ParOldGen       total 327168K, used 286078K [0x0000000080000000, 0x0000000093f80000, 0x00000000d5580000)
  object space 327168K, 87% used [0x0000000080000000,0x000000009175f880,0x0000000093f80000)
 Metaspace       used 103350K, committed 105280K, reserved 1179648K
  class space    used 9882K, committed 10816K, reserved 1048576K
}
Event: 826.656 GC heap before
{Heap before GC invocations=855 (full 5):
 PSYoungGen      total 3584K, used 3471K [0x00000000d5580000, 0x00000000d5b80000, 0x0000000100000000)
  eden space 3072K, 99% used [0x00000000d5580000,0x00000000d587fe10,0x00000000d5880000)
  from space 512K, 78% used [0x00000000d5b00000,0x00000000d5b64010,0x00000000d5b80000)
  to   space 512K, 0% used [0x00000000d5a80000,0x00000000d5a80000,0x00000000d5b00000)
 ParOldGen       total 327168K, used 286078K [0x0000000080000000, 0x0000000093f80000, 0x00000000d5580000)
  object space 327168K, 87% used [0x0000000080000000,0x000000009175f880,0x0000000093f80000)
 Metaspace       used 103361K, committed 105280K, reserved 1179648K
  class space    used 9882K, committed 10816K, reserved 1048576K
}
Event: 826.661 GC heap after
{Heap after GC invocations=855 (full 5):
 PSYoungGen      total 4608K, used 512K [0x00000000d5580000, 0x00000000d5c80000, 0x0000000100000000)
  eden space 4096K, 0% used [0x00000000d5580000,0x00000000d5580000,0x00000000d5980000)
  from space 512K, 100% used [0x00000000d5a80000,0x00000000d5b00000,0x00000000d5b00000)
  to   space 1536K, 0% used [0x00000000d5b00000,0x00000000d5b00000,0x00000000d5c80000)
 ParOldGen       total 327168K, used 286569K [0x0000000080000000, 0x0000000093f80000, 0x00000000d5580000)
  object space 327168K, 87% used [0x0000000080000000,0x00000000917da748,0x0000000093f80000)
 Metaspace       used 103361K, committed 105280K, reserved 1179648K
  class space    used 9882K, committed 10816K, reserved 1048576K
}
Event: 826.684 GC heap before
{Heap before GC invocations=856 (full 5):
 PSYoungGen      total 4608K, used 4601K [0x00000000d5580000, 0x00000000d5c80000, 0x0000000100000000)
  eden space 4096K, 99% used [0x00000000d5580000,0x00000000d597e778,0x00000000d5980000)
  from space 512K, 100% used [0x00000000d5a80000,0x00000000d5b00000,0x00000000d5b00000)
  to   space 1536K, 0% used [0x00000000d5b00000,0x00000000d5b00000,0x00000000d5c80000)
 ParOldGen       total 327168K, used 286569K [0x0000000080000000, 0x0000000093f80000, 0x00000000d5580000)
  object space 327168K, 87% used [0x0000000080000000,0x00000000917da748,0x0000000093f80000)
 Metaspace       used 103390K, committed 105344K, reserved 1179648K
  class space    used 9887K, committed 10816K, reserved 1048576K
}
Event: 826.688 GC heap after
{Heap after GC invocations=856 (full 5):
 PSYoungGen      total 6144K, used 960K [0x00000000d5580000, 0x00000000d5c80000, 0x0000000100000000)
  eden space 4608K, 0% used [0x00000000d5580000,0x00000000d5580000,0x00000000d5a00000)
  from space 1536K, 62% used [0x00000000d5b00000,0x00000000d5bf0000,0x00000000d5c80000)
  to   space 1024K, 0% used [0x00000000d5a00000,0x00000000d5a00000,0x00000000d5b00000)
 ParOldGen       total 327168K, used 287089K [0x0000000080000000, 0x0000000093f80000, 0x00000000d5580000)
  object space 327168K, 87% used [0x0000000080000000,0x000000009185c7e0,0x0000000093f80000)
 Metaspace       used 103390K, committed 105344K, reserved 1179648K
  class space    used 9887K, committed 10816K, reserved 1048576K
}
Event: 826.718 GC heap before
{Heap before GC invocations=857 (full 5):
 PSYoungGen      total 6144K, used 5567K [0x00000000d5580000, 0x00000000d5c80000, 0x0000000100000000)
  eden space 4608K, 99% used [0x00000000d5580000,0x00000000d59ffff8,0x00000000d5a00000)
  from space 1536K, 62% used [0x00000000d5b00000,0x00000000d5bf0000,0x00000000d5c80000)
  to   space 1024K, 0% used [0x00000000d5a00000,0x00000000d5a00000,0x00000000d5b00000)
 ParOldGen       total 327168K, used 287089K [0x0000000080000000, 0x0000000093f80000, 0x00000000d5580000)
  object space 327168K, 87% used [0x0000000080000000,0x000000009185c7e0,0x0000000093f80000)
 Metaspace       used 103390K, committed 105344K, reserved 1179648K
  class space    used 9887K, committed 10816K, reserved 1048576K
}
Event: 826.723 GC heap after
{Heap after GC invocations=857 (full 5):
 PSYoungGen      total 5632K, used 672K [0x00000000d5580000, 0x00000000d5c00000, 0x0000000100000000)
  eden space 4608K, 0% used [0x00000000d5580000,0x00000000d5580000,0x00000000d5a00000)
  from space 1024K, 65% used [0x00000000d5a00000,0x00000000d5aa8000,0x00000000d5b00000)
  to   space 1024K, 0% used [0x00000000d5b00000,0x00000000d5b00000,0x00000000d5c00000)
 ParOldGen       total 327168K, used 287819K [0x0000000080000000, 0x0000000093f80000, 0x00000000d5580000)
  object space 327168K, 87% used [0x0000000080000000,0x0000000091912ec0,0x0000000093f80000)
 Metaspace       used 103390K, committed 105344K, reserved 1179648K
  class space    used 9887K, committed 10816K, reserved 1048576K
}
Event: 826.921 GC heap before
{Heap before GC invocations=858 (full 5):
 PSYoungGen      total 5632K, used 5280K [0x00000000d5580000, 0x00000000d5c00000, 0x0000000100000000)
  eden space 4608K, 100% used [0x00000000d5580000,0x00000000d5a00000,0x00000000d5a00000)
  from space 1024K, 65% used [0x00000000d5a00000,0x00000000d5aa8000,0x00000000d5b00000)
  to   space 1024K, 0% used [0x00000000d5b00000,0x00000000d5b00000,0x00000000d5c00000)
 ParOldGen       total 350720K, used 349259K [0x0000000080000000, 0x0000000095680000, 0x00000000d5580000)
  object space 350720K, 99% used [0x0000000080000000,0x0000000095512f20,0x0000000095680000)
 Metaspace       used 103448K, committed 105408K, reserved 1179648K
  class space    used 9890K, committed 10816K, reserved 1048576K
}
Event: 826.922 GC heap after
{Heap after GC invocations=858 (full 5):
 PSYoungGen      total 5120K, used 352K [0x00000000d5580000, 0x00000000d5b80000, 0x0000000100000000)
  eden space 4608K, 0% used [0x00000000d5580000,0x00000000d5580000,0x00000000d5a00000)
  from space 512K, 68% used [0x00000000d5b00000,0x00000000d5b58000,0x00000000d5b80000)
  to   space 512K, 0% used [0x00000000d5a80000,0x00000000d5a80000,0x00000000d5b00000)
 ParOldGen       total 350720K, used 349782K [0x0000000080000000, 0x0000000095680000, 0x00000000d5580000)
  object space 350720K, 99% used [0x0000000080000000,0x0000000095595b98,0x0000000095680000)
 Metaspace       used 103448K, committed 105408K, reserved 1179648K
  class space    used 9890K, committed 10816K, reserved 1048576K
}
Event: 827.020 GC heap before
{Heap before GC invocations=859 (full 5):
 PSYoungGen      total 5120K, used 4960K [0x00000000d5580000, 0x00000000d5b80000, 0x0000000100000000)
  eden space 4608K, 100% used [0x00000000d5580000,0x00000000d5a00000,0x00000000d5a00000)
  from space 512K, 68% used [0x00000000d5b00000,0x00000000d5b58000,0x00000000d5b80000)
  to   space 512K, 0% used [0x00000000d5a80000,0x00000000d5a80000,0x00000000d5b00000)
 ParOldGen       total 350720K, used 349782K [0x0000000080000000, 0x0000000095680000, 0x00000000d5580000)
  object space 350720K, 99% used [0x0000000080000000,0x0000000095595b98,0x0000000095680000)
 Metaspace       used 103460K, committed 105408K, reserved 1179648K
  class space    used 9890K, committed 10816K, reserved 1048576K
}
Event: 827.022 GC heap after
{Heap after GC invocations=859 (full 5):
 PSYoungGen      total 5120K, used 506K [0x00000000d5580000, 0x00000000d5c00000, 0x0000000100000000)
  eden space 4608K, 0% used [0x00000000d5580000,0x00000000d5580000,0x00000000d5a00000)
  from space 512K, 98% used [0x00000000d5a80000,0x00000000d5afe900,0x00000000d5b00000)
  to   space 1024K, 0% used [0x00000000d5b00000,0x00000000d5b00000,0x00000000d5c00000)
 ParOldGen       total 350720K, used 350002K [0x0000000080000000, 0x0000000095680000, 0x00000000d5580000)
  object space 350720K, 99% used [0x0000000080000000,0x00000000955cca38,0x0000000095680000)
 Metaspace       used 103460K, committed 105408K, reserved 1179648K
  class space    used 9890K, committed 10816K, reserved 1048576K
}
Event: 827.031 GC heap before
{Heap before GC invocations=860 (full 5):
 PSYoungGen      total 5120K, used 5114K [0x00000000d5580000, 0x00000000d5c00000, 0x0000000100000000)
  eden space 4608K, 100% used [0x00000000d5580000,0x00000000d5a00000,0x00000000d5a00000)
  from space 512K, 98% used [0x00000000d5a80000,0x00000000d5afe900,0x00000000d5b00000)
  to   space 1024K, 0% used [0x00000000d5b00000,0x00000000d5b00000,0x00000000d5c00000)
 ParOldGen       total 350720K, used 350002K [0x0000000080000000, 0x0000000095680000, 0x00000000d5580000)
  object space 350720K, 99% used [0x0000000080000000,0x00000000955cca38,0x0000000095680000)
 Metaspace       used 103460K, committed 105408K, reserved 1179648K
  class space    used 9890K, committed 10816K, reserved 1048576K
}
Event: 827.033 GC heap after
{Heap after GC invocations=860 (full 5):
 PSYoungGen      total 5632K, used 480K [0x00000000d5580000, 0x00000000d5c00000, 0x0000000100000000)
  eden space 4608K, 0% used [0x00000000d5580000,0x00000000d5580000,0x00000000d5a00000)
  from space 1024K, 46% used [0x00000000d5b00000,0x00000000d5b78000,0x00000000d5c00000)
  to   space 1024K, 0% used [0x00000000d5a00000,0x00000000d5a00000,0x00000000d5b00000)
 ParOldGen       total 350720K, used 350464K [0x0000000080000000, 0x0000000095680000, 0x00000000d5580000)
  object space 350720K, 99% used [0x0000000080000000,0x0000000095640270,0x0000000095680000)
 Metaspace       used 103460K, committed 105408K, reserved 1179648K
  class space    used 9890K, committed 10816K, reserved 1048576K
}
Event: 827.058 GC heap before
{Heap before GC invocations=861 (full 5):
 PSYoungGen      total 5632K, used 5088K [0x00000000d5580000, 0x00000000d5c00000, 0x0000000100000000)
  eden space 4608K, 100% used [0x00000000d5580000,0x00000000d5a00000,0x00000000d5a00000)
  from space 1024K, 46% used [0x00000000d5b00000,0x00000000d5b78000,0x00000000d5c00000)
  to   space 1024K, 0% used [0x00000000d5a00000,0x00000000d5a00000,0x00000000d5b00000)
 ParOldGen       total 350720K, used 350464K [0x0000000080000000, 0x0000000095680000, 0x00000000d5580000)
  object space 350720K, 99% used [0x0000000080000000,0x0000000095640270,0x0000000095680000)
 Metaspace       used 103470K, committed 105408K, reserved 1179648K
  class space    used 9890K, committed 10816K, reserved 1048576K
}
Event: 827.060 GC heap after
{Heap after GC invocations=861 (full 5):
 PSYoungGen      total 5632K, used 884K [0x00000000d5580000, 0x00000000d5c00000, 0x0000000100000000)
  eden space 4608K, 0% used [0x00000000d5580000,0x00000000d5580000,0x00000000d5a00000)
  from space 1024K, 86% used [0x00000000d5a00000,0x00000000d5add200,0x00000000d5b00000)
  to   space 1024K, 0% used [0x00000000d5b00000,0x00000000d5b00000,0x00000000d5c00000)
 ParOldGen       total 351232K, used 350832K [0x0000000080000000, 0x0000000095700000, 0x00000000d5580000)
  object space 351232K, 99% used [0x0000000080000000,0x000000009569c270,0x0000000095700000)
 Metaspace       used 103470K, committed 105408K, reserved 1179648K
  class space    used 9890K, committed 10816K, reserved 1048576K
}
Event: 827.071 GC heap before
{Heap before GC invocations=862 (full 5):
 PSYoungGen      total 5632K, used 5492K [0x00000000d5580000, 0x00000000d5c00000, 0x0000000100000000)
  eden space 4608K, 100% used [0x00000000d5580000,0x00000000d5a00000,0x00000000d5a00000)
  from space 1024K, 86% used [0x00000000d5a00000,0x00000000d5add200,0x00000000d5b00000)
  to   space 1024K, 0% used [0x00000000d5b00000,0x00000000d5b00000,0x00000000d5c00000)
 ParOldGen       total 351232K, used 350832K [0x0000000080000000, 0x0000000095700000, 0x00000000d5580000)
  object space 351232K, 99% used [0x0000000080000000,0x000000009569c270,0x0000000095700000)
 Metaspace       used 103470K, committed 105408K, reserved 1179648K
  class space    used 9890K, committed 10816K, reserved 1048576K
}
Event: 827.078 GC heap after
{Heap after GC invocations=862 (full 5):
 PSYoungGen      total 5632K, used 512K [0x00000000d5580000, 0x00000000d5c00000, 0x0000000100000000)
  eden space 4608K, 0% used [0x00000000d5580000,0x00000000d5580000,0x00000000d5a00000)
  from space 1024K, 50% used [0x00000000d5b00000,0x00000000d5b80000,0x00000000d5c00000)
  to   space 1024K, 0% used [0x00000000d5a00000,0x00000000d5a00000,0x00000000d5b00000)
 ParOldGen       total 351744K, used 351616K [0x0000000080000000, 0x0000000095780000, 0x00000000d5580000)
  object space 351744K, 99% used [0x0000000080000000,0x0000000095760250,0x0000000095780000)
 Metaspace       used 103470K, committed 105408K, reserved 1179648K
  class space    used 9890K, committed 10816K, reserved 1048576K
}
Event: 830.971 GC heap before
{Heap before GC invocations=863 (full 5):
 PSYoungGen      total 5632K, used 5120K [0x00000000d5580000, 0x00000000d5c00000, 0x0000000100000000)
  eden space 4608K, 100% used [0x00000000d5580000,0x00000000d5a00000,0x00000000d5a00000)
  from space 1024K, 50% used [0x00000000d5b00000,0x00000000d5b80000,0x00000000d5c00000)
  to   space 1024K, 0% used [0x00000000d5a00000,0x00000000d5a00000,0x00000000d5b00000)
 ParOldGen       total 351744K, used 351616K [0x0000000080000000, 0x0000000095780000, 0x00000000d5580000)
  object space 351744K, 99% used [0x0000000080000000,0x0000000095760250,0x0000000095780000)
 Metaspace       used 103745K, committed 105728K, reserved 1179648K
  class space    used 9921K, committed 10816K, reserved 1048576K
}
Event: 830.974 GC heap after
{Heap after GC invocations=863 (full 5):
 PSYoungGen      total 5632K, used 565K [0x00000000d5580000, 0x00000000d5c00000, 0x0000000100000000)
  eden space 4608K, 0% used [0x00000000d5580000,0x00000000d5580000,0x00000000d5a00000)
  from space 1024K, 55% used [0x00000000d5a00000,0x00000000d5a8d440,0x00000000d5b00000)
  to   space 1024K, 0% used [0x00000000d5b00000,0x00000000d5b00000,0x00000000d5c00000)
 ParOldGen       total 352256K, used 351984K [0x0000000080000000, 0x0000000095800000, 0x00000000d5580000)
  object space 352256K, 99% used [0x0000000080000000,0x00000000957bc250,0x0000000095800000)
 Metaspace       used 103745K, committed 105728K, reserved 1179648K
  class space    used 9921K, committed 10816K, reserved 1048576K
}

