# JRE version: OpenJDK Runtime Environment Temurin-21.0.9+10 (21.0.9+10) (build 21.0.9+10-LTS)
# Java VM: OpenJDK 64-Bit Server VM Temurin-21.0.9+10 (21.0.9+10-LTS, mixed mode, emulated-client, sharing, tiered, compressed oops, compressed class ptrs, g1 gc, windows-amd64)
GC Precious Log:
 CardTable entry size: 512
 Card Set container configuration: InlinePtr #cards 5 size 8 Array Of Cards #cards 12 size 40 Howl #buckets 4 coarsen threshold 1843 Howl Bitmap #cards 512 size 80 coarsen threshold 460 Card regions per heap region 1 cards per card region 2048
 CPUs: 8 total, 8 available
 Memory: 7930M
 Large Page Support: Disabled
 NUMA Support: Disabled
 Compressed Oops: Enabled (32-bit)
 Heap Region Size: 1M
 Heap Min Capacity: 8M
 Heap Initial Capacity: 124M
 Heap Max Capacity: 1984M
 Pre-touch: Disabled
 Parallel Workers: 8
 Concurrent Workers: 2
 Concurrent Refinement Workers: 8
 Periodic GC: Disabled
Heap:
 garbage-first heap   total 103424K, used 81891K [0x0000000084000000, 0x0000000100000000)
  region size 1024K, 47 young (48128K), 5 survivors (5120K)
 Metaspace       used 81852K, committed 82560K, reserved 1179648K
  class space    used 11865K, committed 12160K, reserved 1048576K
GC Heap History (20 events):
Event: 7.484 GC heap before
{Heap before GC invocations=16 (full 0):
 garbage-first heap   total 66560K, used 59306K [0x0000000084000000, 0x0000000100000000)
  region size 1024K, 31 young (31744K), 4 survivors (4096K)
 Metaspace       used 67423K, committed 68096K, reserved 1114112K
  class space    used 9864K, committed 10176K, reserved 1048576K
}
Event: 7.493 GC heap after
{Heap after GC invocations=17 (full 0):
 garbage-first heap   total 67584K, used 33399K [0x0000000084000000, 0x0000000100000000)
  region size 1024K, 3 young (3072K), 3 survivors (3072K)
 Metaspace       used 67423K, committed 68096K, reserved 1114112K
  class space    used 9864K, committed 10176K, reserved 1048576K
}
Event: 7.924 GC heap before
{Heap before GC invocations=17 (full 0):
 garbage-first heap   total 67584K, used 60023K [0x0000000084000000, 0x0000000100000000)
  region size 1024K, 29 young (29696K), 3 survivors (3072K)
 Metaspace       used 68589K, committed 69376K, reserved 1114112K
  class space    used 10009K, committed 10368K, reserved 1048576K
}
Event: 7.930 GC heap after
{Heap after GC invocations=18 (full 0):
 garbage-first heap   total 81920K, used 35296K [0x0000000084000000, 0x0000000100000000)
  region size 1024K, 4 young (4096K), 4 survivors (4096K)
 Metaspace       used 68589K, committed 69376K, reserved 1114112K
  class space    used 10009K, committed 10368K, reserved 1048576K
}
Event: 8.604 GC heap before
{Heap before GC invocations=19 (full 0):
 garbage-first heap   total 81920K, used 72160K [0x0000000084000000, 0x0000000100000000)
  region size 1024K, 41 young (41984K), 4 survivors (4096K)
 Metaspace       used 72720K, committed 73536K, reserved 1114112K
  class space    used 10660K, committed 11008K, reserved 1048576K
}
Event: 8.612 GC heap after
{Heap after GC invocations=20 (full 0):
 garbage-first heap   total 81920K, used 39139K [0x0000000084000000, 0x0000000100000000)
  region size 1024K, 6 young (6144K), 6 survivors (6144K)
 Metaspace       used 72720K, committed 73536K, reserved 1114112K
  class space    used 10660K, committed 11008K, reserved 1048576K
}
Event: 31.461 GC heap before
{Heap before GC invocations=20 (full 0):
 garbage-first heap   total 81920K, used 71907K [0x0000000084000000, 0x0000000100000000)
  region size 1024K, 39 young (39936K), 6 survivors (6144K)
 Metaspace       used 78160K, committed 78976K, reserved 1179648K
  class space    used 11402K, committed 11776K, reserved 1048576K
}
Event: 31.471 GC heap after
{Heap after GC invocations=21 (full 0):
 garbage-first heap   total 83968K, used 41335K [0x0000000084000000, 0x0000000100000000)
  region size 1024K, 4 young (4096K), 4 survivors (4096K)
 Metaspace       used 78160K, committed 78976K, reserved 1179648K
  class space    used 11402K, committed 11776K, reserved 1048576K
}
Event: 200.696 GC heap before
{Heap before GC invocations=21 (full 0):
 garbage-first heap   total 83968K, used 73079K [0x0000000084000000, 0x0000000100000000)
  region size 1024K, 36 young (36864K), 4 survivors (4096K)
 Metaspace       used 80567K, committed 81472K, reserved 1179648K
  class space    used 11730K, committed 12096K, reserved 1048576K
}
Event: 200.705 GC heap after
{Heap after GC invocations=22 (full 0):
 garbage-first heap   total 83968K, used 42680K [0x0000000084000000, 0x0000000100000000)
  region size 1024K, 2 young (2048K), 2 survivors (2048K)
 Metaspace       used 80567K, committed 81472K, reserved 1179648K
  class space    used 11730K, committed 12096K, reserved 1048576K
}
Event: 459.511 GC heap before
{Heap before GC invocations=23 (full 0):
 garbage-first heap   total 83968K, used 75448K [0x0000000084000000, 0x0000000100000000)
  region size 1024K, 34 young (34816K), 2 survivors (2048K)
 Metaspace       used 80163K, committed 81472K, reserved 1179648K
  class space    used 11622K, committed 12096K, reserved 1048576K
}
Event: 459.532 GC heap after
{Heap after GC invocations=24 (full 0):
 garbage-first heap   total 83968K, used 42279K [0x0000000084000000, 0x0000000100000000)
  region size 1024K, 1 young (1024K), 1 survivors (1024K)
 Metaspace       used 80163K, committed 81472K, reserved 1179648K
  class space    used 11622K, committed 12096K, reserved 1048576K
}
Event: 539.485 GC heap before
{Heap before GC invocations=24 (full 0):
 garbage-first heap   total 83968K, used 54567K [0x0000000084000000, 0x0000000100000000)
  region size 1024K, 14 young (14336K), 1 survivors (1024K)
 Metaspace       used 80309K, committed 81472K, reserved 1179648K
  class space    used 11664K, committed 12096K, reserved 1048576K
}
Event: 539.582 GC heap after
{Heap after GC invocations=25 (full 1):
 garbage-first heap   total 83968K, used 27735K [0x0000000084000000, 0x0000000100000000)
  region size 1024K, 0 young (0K), 0 survivors (0K)
 Metaspace       used 80194K, committed 81472K, reserved 1179648K
  class space    used 11633K, committed 12096K, reserved 1048576K
}
Event: 540.813 GC heap before
{Heap before GC invocations=25 (full 1):
 garbage-first heap   total 83968K, used 74839K [0x0000000084000000, 0x0000000100000000)
  region size 1024K, 46 young (47104K), 0 survivors (0K)
 Metaspace       used 80688K, committed 81536K, reserved 1179648K
  class space    used 11693K, committed 12096K, reserved 1048576K
}
Event: 540.819 GC heap after
{Heap after GC invocations=26 (full 1):
 garbage-first heap   total 83968K, used 32340K [0x0000000084000000, 0x0000000100000000)
  region size 1024K, 5 young (5120K), 5 survivors (5120K)
 Metaspace       used 80688K, committed 81536K, reserved 1179648K
  class space    used 11693K, committed 12096K, reserved 1048576K
}
Event: 541.842 GC heap before
{Heap before GC invocations=27 (full 1):
 garbage-first heap   total 83968K, used 73300K [0x0000000084000000, 0x0000000100000000)
  region size 1024K, 45 young (46080K), 5 survivors (5120K)
 Metaspace       used 80869K, committed 81664K, reserved 1179648K
  class space    used 11730K, committed 12096K, reserved 1048576K
}
Event: 541.853 GC heap after
{Heap after GC invocations=28 (full 1):
 garbage-first heap   total 86016K, used 36513K [0x0000000084000000, 0x0000000100000000)
  region size 1024K, 5 young (5120K), 5 survivors (5120K)
 Metaspace       used 80869K, committed 81664K, reserved 1179648K
  class space    used 11730K, committed 12096K, reserved 1048576K
}
Event: 543.904 GC heap before
{Heap before GC invocations=28 (full 1):
 garbage-first heap   total 86016K, used 73377K [0x0000000084000000, 0x0000000100000000)
  region size 1024K, 42 young (43008K), 5 survivors (5120K)
 Metaspace       used 81342K, committed 82048K, reserved 1179648K
  class space    used 11804K, committed 12096K, reserved 1048576K
}
Event: 543.913 GC heap after
{Heap after GC invocations=29 (full 1):
 garbage-first heap   total 103424K, used 39907K [0x0000000084000000, 0x0000000100000000)
  region size 1024K, 5 young (5120K), 5 survivors (5120K)
 Metaspace       used 81342K, committed 82048K, reserved 1179648K
  class space    used 11804K, committed 12096K, reserved 1048576K
}

